<?xml version="1.0" encoding="UTF-8"?>
<!-- Generated by org.testng.reporters.JUnitReportReporter -->
<testsuite hostname="NDI-LAP-165" failures="0" tests="1" name="testcases.POC" time="25.666" errors="0" timestamp="2022-06-28T15:46:29 IST" skipped="0">
  <testcase classname="testcases.POC" name="totalAmountValidation" time="25.666"/>
  <system-out/>
</testsuite> <!-- testcases.POC -->
